[2022-07-30 13:17:18.574] [kl-office,,] [main]
                [INFO ] [c.t.office.common.init.NacosInitializer:43] - NacosInitializer initialize 开始执行
[2022-07-30 13:17:18.579] [kl-office,,] [main]
                [INFO ] [c.a.n.c.c.impl.LocalConfigInfoProcessor:195] - LOCAL_SNAPSHOT_PATH:C:\Users\WenCaiLi\nacos\config
[2022-07-30 13:17:18.603] [kl-office,,] [main]
                [INFO ] [c.a.nacos.client.config.impl.Limiter:53] - limitTime:5.0
[2022-07-30 13:17:18.699] [kl-office,,] [main]
                [INFO ] [c.a.nacos.client.config.utils.JVMUtil:47] - isMultiInstance:false
[2022-07-30 13:17:18.729] [kl-office,,] [main]
                [INFO ] [c.t.office.common.init.NacosInitializer:49] - NacosInitializer initialize 执行成功
[2022-07-30 13:17:18.945] [kl-office,,] [main]
                [INFO ] [o.s.c.b.c.PropertySourceBootstrapConfiguration:105] - Located property source: [BootstrapPropertySource {name='bootstrapProperties-kl-office-dev.yml,hospital'}, BootstrapPropertySource {name='bootstrapProperties-kl-office.yml,hospital'}, BootstrapPropertySource {name='bootstrapProperties-kl-office,hospital'}, BootstrapPropertySource {name='bootstrapProperties-common-dev.yml,hospital'}]
[2022-07-30 13:17:18.949] [kl-office,,] [main]
                [INFO ] [com.thtf.office.OfficeServerMain9001:655] - The following profiles are active: dev
[2022-07-30 13:17:19.628] [kl-office,,] [main]
                [INFO ] [o.s.d.r.c.RepositoryConfigurationDelegate:249] - Multiple Spring Data modules found, entering strict repository configuration mode!
[2022-07-30 13:17:19.631] [kl-office,,] [main]
                [INFO ] [o.s.d.r.c.RepositoryConfigurationDelegate:127] - Bootstrapping Spring Data Redis repositories in DEFAULT mode.
[2022-07-30 13:17:19.661] [kl-office,,] [main]
                [INFO ] [o.s.d.r.c.RepositoryConfigurationDelegate:187] - Finished Spring Data repository scanning in 18ms. Found 0 Redis repository interfaces.
[2022-07-30 13:17:19.827] [kl-office,,] [main]
                [INFO ] [o.s.cloud.context.scope.GenericScope:295] - BeanFactory id=d19fd5e8-072e-3e29-820f-4108c4b0c1f2
[2022-07-30 13:17:19.881] [kl-office,,] [main]
                [INFO ] [o.s.c.s.PostProcessorRegistrationDelegate$BeanPostProcessorChecker:330] - Bean 'com.thtf.office.feign.AdminAPI' of type [org.springframework.cloud.openfeign.FeignClientFactoryBean] is not eligible for getting processed by all BeanPostProcessors (for example: not eligible for auto-proxying)
[2022-07-30 13:17:20.132] [kl-office,,] [main]
                [INFO ] [o.s.b.w.embedded.tomcat.TomcatWebServer:92] - Tomcat initialized with port(s): 9001 (http)
[2022-07-30 13:17:20.138] [kl-office,,] [main]
                [INFO ] [org.apache.catalina.core.StandardService:173] - Starting service [Tomcat]
[2022-07-30 13:17:20.139] [kl-office,,] [main]
                [INFO ] [org.apache.catalina.core.StandardEngine:173] - Starting Servlet engine: [Apache Tomcat/9.0.31]
[2022-07-30 13:17:20.276] [kl-office,,] [main]
                [INFO ] [o.a.c.c.C.[.[localhost].[/kl-office]:173] - Initializing Spring embedded WebApplicationContext
[2022-07-30 13:17:20.276] [kl-office,,] [main]
                [INFO ] [o.s.web.context.ContextLoader:284] - Root WebApplicationContext: initialization completed in 1311 ms
[2022-07-30 13:17:21.808] [kl-office,,] [main]
                [INFO ] [o.s.cloud.commons.util.InetUtils:170] - Cannot determine local hostname
[2022-07-30 13:17:21.828] [kl-office,,] [main]
                [INFO ] [com.alibaba.nacos.client.naming:56] - initializer namespace from System Property :null
[2022-07-30 13:17:21.829] [kl-office,,] [main]
                [INFO ] [com.alibaba.nacos.client.naming:65] - initializer namespace from System Environment :null
[2022-07-30 13:17:21.830] [kl-office,,] [main]
                [INFO ] [com.alibaba.nacos.client.naming:75] - initializer namespace from System Property :null
[2022-07-30 13:17:21.849] [kl-office,,] [main]
                [INFO ] [c.a.d.s.b.a.DruidDataSourceAutoConfigure:56] - Init DruidDataSource
[2022-07-30 13:17:23.066] [kl-office,,] [main]
                [INFO ] [com.alibaba.druid.pool.DruidDataSource:998] - {dataSource-1} inited
[2022-07-30 13:17:23.570] [kl-office,,] [main]
                [INFO ] [c.t.o.common.util.IdGeneratorSnowflake:48] - 当前机器的workerId：168453382
[2022-07-30 13:17:24.110] [kl-office,,] [main]
                [INFO ] [c.n.c.sources.URLConfigurationSource:122] - To enable URLs as dynamic configuration sources, define System property archaius.configurationSource.additionalUrls or make config.properties available on classpath.
[2022-07-30 13:17:24.114] [kl-office,,] [main]
                [INFO ] [c.n.c.sources.URLConfigurationSource:122] - To enable URLs as dynamic configuration sources, define System property archaius.configurationSource.additionalUrls or make config.properties available on classpath.
[2022-07-30 13:17:24.234] [kl-office,,] [main]
                [INFO ] [o.s.s.concurrent.ThreadPoolTaskExecutor:181] - Initializing ExecutorService 'applicationTaskExecutor'
[2022-07-30 13:17:24.331] [kl-office,,] [main]
                [INFO ] [o.s.s.concurrent.ThreadPoolTaskScheduler:181] - Initializing ExecutorService 'Nacso-Watch-Task-Scheduler'
[2022-07-30 13:17:25.931] [kl-office,,] [main]
                [INFO ] [o.s.cloud.commons.util.InetUtils:170] - Cannot determine local hostname
[2022-07-30 13:17:25.985] [kl-office,,] [main]
                [INFO ] [o.s.b.a.e.web.EndpointLinksResolver:58] - Exposing 20 endpoint(s) beneath base path '/actuator'
[2022-07-30 13:17:26.060] [kl-office,,] [main]
                [INFO ] [o.s.b.w.embedded.tomcat.TomcatWebServer:204] - Tomcat started on port(s): 9001 (http) with context path '/kl-office'
[2022-07-30 13:17:26.062] [kl-office,,] [main]
                [INFO ] [com.alibaba.nacos.client.naming:66] - [BEAT] adding beat: {"cluster":"DEFAULT","ip":"192.168.0.101","metadata":{"preserved.register.source":"SPRING_CLOUD"},"period":5000,"port":9001,"scheduled":false,"serviceName":"DEFAULT_GROUP@@kl-office","stopped":false,"weight":1.0} to beat map.
[2022-07-30 13:17:26.110] [kl-office,,] [main]
                [INFO ] [com.alibaba.nacos.client.naming:196] - [REGISTER-SERVICE] public registering service DEFAULT_GROUP@@kl-office with instance: {"clusterName":"DEFAULT","enabled":true,"ephemeral":true,"healthy":true,"instanceHeartBeatInterval":5000,"instanceHeartBeatTimeOut":15000,"ip":"192.168.0.101","ipDeleteTimeout":30000,"metadata":{"preserved.register.source":"SPRING_CLOUD"},"port":9001,"weight":1.0}
[2022-07-30 13:17:26.190] [kl-office,,] [main]
                [INFO ] [c.a.c.n.registry.NacosServiceRegistry:65] - nacos registry, DEFAULT_GROUP kl-office 192.168.0.101:9001 register finished
[2022-07-30 13:17:27.633] [kl-office,,] [main]
                [INFO ] [o.s.cloud.commons.util.InetUtils:170] - Cannot determine local hostname
[2022-07-30 13:17:27.635] [kl-office,,] [main]
                [INFO ] [com.thtf.office.OfficeServerMain9001:61] - Started OfficeServerMain9001 in 12.637 seconds (JVM running for 13.919)
[2022-07-30 13:17:27.641] [kl-office,,] [main]
                [INFO ] [c.a.n.client.config.impl.ClientWorker:197] - [fixed-10.10.49.220_8848] [subscribe] kl-office+hospital
[2022-07-30 13:17:27.642] [kl-office,,] [main]
                [INFO ] [c.a.nacos.client.config.impl.CacheData:92] - [fixed-10.10.49.220_8848] [add-listener] ok, tenant=, dataId=kl-office, group=hospital, cnt=1
[2022-07-30 13:17:27.642] [kl-office,,] [main]
                [INFO ] [c.a.n.client.config.impl.ClientWorker:197] - [fixed-10.10.49.220_8848] [subscribe] kl-office.yml+hospital
[2022-07-30 13:17:27.642] [kl-office,,] [main]
                [INFO ] [c.a.nacos.client.config.impl.CacheData:92] - [fixed-10.10.49.220_8848] [add-listener] ok, tenant=, dataId=kl-office.yml, group=hospital, cnt=1
[2022-07-30 13:17:27.643] [kl-office,,] [main]
                [INFO ] [c.a.n.client.config.impl.ClientWorker:197] - [fixed-10.10.49.220_8848] [subscribe] kl-office-dev.yml+hospital
[2022-07-30 13:17:27.643] [kl-office,,] [main]
                [INFO ] [c.a.nacos.client.config.impl.CacheData:92] - [fixed-10.10.49.220_8848] [add-listener] ok, tenant=, dataId=kl-office-dev.yml, group=hospital, cnt=1
[2022-07-30 13:17:27.711] [kl-office,,] [com.alibaba.nacos.client.Worker.longPolling.fixed-10.10.49.220_8848]
                [INFO ] [c.a.n.client.config.impl.ClientWorker:522] - get changedGroupKeys:[]
[2022-07-30 13:17:28.514] [kl-office,,] [RMI TCP Connection(5)-10.10.101.6]
                [INFO ] [o.a.c.c.C.[.[localhost].[/kl-office]:173] - Initializing Spring DispatcherServlet 'dispatcherServlet'
[2022-07-30 13:17:28.515] [kl-office,,] [RMI TCP Connection(5)-10.10.101.6]
                [INFO ] [o.s.web.servlet.DispatcherServlet:525] - Initializing Servlet 'dispatcherServlet'
[2022-07-30 13:17:28.519] [kl-office,,] [RMI TCP Connection(5)-10.10.101.6]
                [INFO ] [o.s.web.servlet.DispatcherServlet:547] - Completed initialization in 4 ms
